<?xml version="1.0" encoding="UTF-8"?>
<!-- Generated by org.testng.reporters.JUnitReportReporter -->
<testsuite hostname="LOVE" failures="0" tests="2" name="INT.E2EProject.CostsTest" time="32.684" errors="0" timestamp="2022-03-29T22:50:20 IST" skipped="0">
  <testcase classname="INT.E2EProject.CostsTest" name="SignIn" time="0.217"/>
  <system-out/>
  <testcase classname="INT.E2EProject.CostsTest" name="create" time="32.467"/>
  <system-out/>
</testsuite> <!-- INT.E2EProject.CostsTest -->
