<?xml version="1.0" encoding="UTF-8"?>
<!-- Generated by org.testng.reporters.JUnitReportReporter -->
<testsuite hostname="LOVE" failures="0" tests="2" name="INT.E2EProject.RegCosts" time="33.777" errors="0" timestamp="2022-03-26T01:18:49 IST" skipped="0">
  <testcase classname="INT.E2EProject.RegCosts" name="SignIn" time="0.125"/>
  <system-out/>
  <testcase classname="INT.E2EProject.RegCosts" name="create" time="33.652"/>
  <system-out/>
</testsuite> <!-- INT.E2EProject.RegCosts -->
