<?xml version="1.0" encoding="UTF-8"?>
<!-- Generated by org.testng.reporters.JUnitReportReporter -->
<testsuite hostname="LOVE" failures="0" tests="1" name="INT.E2EProject.SignIntest" time="26.619" errors="0" timestamp="2022-03-22T09:27:11 IST" skipped="0">
  <testcase classname="INT.E2EProject.SignIntest" name="Navigation" time="26.619"/>
  <system-out/>
</testsuite> <!-- INT.E2EProject.SignIntest -->
