<?xml version="1.0" encoding="UTF-8"?>
<!-- Generated by org.testng.reporters.JUnitReportReporter -->
<testsuite hostname="LOVE" failures="0" tests="1" name="NewTest" time="0.001" errors="0" timestamp="2022-03-24T08:52:06 IST" skipped="0">
  <testcase classname="NewTest" name="f" time="0.001"/>
  <system-out/>
</testsuite> <!-- NewTest -->
